This is pdfTeX, Version 3.1415926-2.6-1.40.14 (TeX Live 2014/dev) (format=pdflatex 2016.1.16)  19 MAY 2016 15:20
entering extended mode
 restricted \write18 enabled.
 file:line:error style messages enabled.
 %&-line parsing enabled.
**Design.tex
(./Design.tex
LaTeX2e <2011/06/27>
Babel <3.9h> and hyphenation patterns for 77 languages loaded.
./Design.tex:1: Undefined control sequence.
l.1 \FloatBarrier
                 
? 
./Design.tex:1: Emergency stop.
l.1 \FloatBarrier
                 
End of file on the terminal!

 
Here is how much of TeX's memory you used:
 5 strings out of 493321
 129 string characters out of 6140423
 51831 words of memory out of 5000000
 3563 multiletter control sequences out of 15000+600000
 3640 words of font info for 14 fonts, out of 8000000 for 9000
 953 hyphenation exceptions out of 8191
 5i,0n,1p,26b,8s stack positions out of 5000i,500n,10000p,200000b,80000s
./Design.tex:1:  ==> Fatal error occurred, no output PDF file produced!
